This is pdfTeX, Version 3.14159265-2.6-1.40.20 (TeX Live 2019/Debian) (preloaded format=pdflatex 2020.5.11)  6 JUL 2020 16:33
entering extended mode
 restricted \write18 enabled.
 %&-line parsing enabled.
**report.tex
(./report.tex
LaTeX2e <2020-02-02> patch level 2
L3 programming layer <2020-02-14>
(/usr/share/texlive/texmf-dist/tex/latex/base/article.cls
Document Class: article 2019/12/20 v1.4l Standard LaTeX document class
(/usr/share/texlive/texmf-dist/tex/latex/base/size12.clo
File: size12.clo 2019/12/20 v1.4l Standard LaTeX file (size option)
)
\c@part=\count167
\c@section=\count168
\c@subsection=\count169
\c@subsubsection=\count170
\c@paragraph=\count171
\c@subparagraph=\count172
\c@figure=\count173
\c@table=\count174
\abovecaptionskip=\skip47
\belowcaptionskip=\skip48
\bibindent=\dimen134
)
(/usr/share/texlive/texmf-dist/tex/latex/tree-dvips/lingmacros.sty
\c@enums=\count175
\widelabel=\dimen135
\c@tempcnt=\count176
\c@enumsi=\count177
\eeindent=\dimen136
)
(/usr/share/texlive/texmf-dist/tex/latex/tree-dvips/tree-dvips.sty
tree-dvips version .91 of May 16, 1995
\nodemargin=\dimen137
\treelinewidth=\dimen138
\dashlength=\dimen139
\arrowwidth=\dimen140
\arrowlength=\dimen141
\arrowinset=\dimen142
\pos@t=\toks14
\pos@b=\toks15
\pos@l=\toks16
\pos@r=\toks17
\pos@tl=\toks18
\pos@tr=\toks19
\pos@bl=\toks20
\pos@br=\toks21
\@arrow=\count178
\@tempdimc=\dimen143
) (/usr/share/texlive/texmf-dist/tex/latex/graphics/graphicx.sty
Package: graphicx 2019/11/30 v1.2a Enhanced LaTeX Graphics (DPC,SPQR)

(/usr/share/texlive/texmf-dist/tex/latex/graphics/keyval.sty
Package: keyval 2014/10/28 v1.15 key=value parser (DPC)
\KV@toks@=\toks22
)
(/usr/share/texlive/texmf-dist/tex/latex/graphics/graphics.sty
Package: graphics 2019/11/30 v1.4a Standard LaTeX Graphics (DPC,SPQR)

(/usr/share/texlive/texmf-dist/tex/latex/graphics/trig.sty
Package: trig 2016/01/03 v1.10 sin cos tan (DPC)
)
(/usr/share/texlive/texmf-dist/tex/latex/graphics-cfg/graphics.cfg
File: graphics.cfg 2016/06/04 v1.11 sample graphics configuration
)
Package graphics Info: Driver file: pdftex.def on input line 105.

(/usr/share/texlive/texmf-dist/tex/latex/graphics-def/pdftex.def
File: pdftex.def 2018/01/08 v1.0l Graphics/color driver for pdftex
))
\Gin@req@height=\dimen144
\Gin@req@width=\dimen145
)
(/usr/share/texlive/texmf-dist/tex/latex/caption/caption.sty
Package: caption 2020/01/03 v3.4h Customizing captions (AR)

(/usr/share/texlive/texmf-dist/tex/latex/caption/caption3.sty
Package: caption3 2020/01/03 v1.8h caption3 kernel (AR)
Package caption3 Info: TeX engine: e-TeX on input line 61.
\captionmargin=\dimen146
\captionmargin@=\dimen147
\captionwidth=\dimen148
\caption@tempdima=\dimen149
\caption@indent=\dimen150
\caption@parindent=\dimen151
\caption@hangindent=\dimen152
Package caption Info: Standard document class detected.
)
\c@caption@flags=\count179
\c@continuedfloat=\count180
)
(/usr/share/texlive/texmf-dist/tex/latex/caption/subcaption.sty
Package: subcaption 2020/01/22 v1.3d Sub-captions (AR)
\c@subfigure=\count181
\c@subtable=\count182
)
(/usr/share/texlive/texmf-dist/tex/latex/l3backend/l3backend-pdfmode.def
File: l3backend-pdfmode.def 2020-02-03 L3 backend support: PDF mode
\l__kernel_color_stack_int=\count183
\l__pdf_internal_box=\box45
)
(./report.aux

LaTeX Warning: Label `net' multiply defined.


LaTeX Warning: Label `net2' multiply defined.


LaTeX Warning: Label `top5' multiply defined.


LaTeX Warning: Label `ivapp19' multiply defined.


LaTeX Warning: Label `d3' multiply defined.


LaTeX Warning: Label `OMIM' multiply defined.


LaTeX Warning: Label `mds_js' multiply defined.

)
\openout1 = `report.aux'.

LaTeX Font Info:    Checking defaults for OML/cmm/m/it on input line 11.
LaTeX Font Info:    ... okay on input line 11.
LaTeX Font Info:    Checking defaults for OMS/cmsy/m/n on input line 11.
LaTeX Font Info:    ... okay on input line 11.
LaTeX Font Info:    Checking defaults for OT1/cmr/m/n on input line 11.
LaTeX Font Info:    ... okay on input line 11.
LaTeX Font Info:    Checking defaults for T1/cmr/m/n on input line 11.
LaTeX Font Info:    ... okay on input line 11.
LaTeX Font Info:    Checking defaults for TS1/cmr/m/n on input line 11.
LaTeX Font Info:    ... okay on input line 11.
LaTeX Font Info:    Checking defaults for OMX/cmex/m/n on input line 11.
LaTeX Font Info:    ... okay on input line 11.
LaTeX Font Info:    Checking defaults for U/cmr/m/n on input line 11.
LaTeX Font Info:    ... okay on input line 11.
 (/usr/share/texlive/texmf-dist/tex/context/base/mkii/supp-pdf.mkii
[Loading MPS to PDF converter (version 2006.09.02).]
\scratchcounter=\count184
\scratchdimen=\dimen153
\scratchbox=\box46
\nofMPsegments=\count185
\nofMParguments=\count186
\everyMPshowfont=\toks23
\MPscratchCnt=\count187
\MPscratchDim=\dimen154
\MPnumerator=\count188
\makeMPintoPDFobject=\count189
\everyMPtoPDFconversion=\toks24
) (/usr/share/texlive/texmf-dist/tex/latex/epstopdf-pkg/epstopdf-base.sty
Package: epstopdf-base 2020-01-24 v2.11 Base part for package epstopdf
Package epstopdf-base Info: Redefining graphics rule for `.eps' on input line 4
85.

(/usr/share/texlive/texmf-dist/tex/latex/latexconfig/epstopdf-sys.cfg
File: epstopdf-sys.cfg 2010/07/13 v1.3 Configuration of (r)epstopdf for TeX Liv
e
))
Package caption Info: Begin \AtBeginDocument code.
Package caption Info: End \AtBeginDocument code.
LaTeX Font Info:    External font `cmex10' loaded for size
(Font)              <14.4> on input line 27.
LaTeX Font Info:    External font `cmex10' loaded for size
(Font)              <7> on input line 27.
<./img/sys.png, id=1, 1884.03876pt x 903.375pt>
File: ./img/sys.png Graphic file (type png)
<use ./img/sys.png>
Package pdftex.def Info: ./img/sys.png  used on input line 32.
(pdftex.def)             Requested size: 491.41968pt x 199.17043pt.

Overfull \hbox (261.91968pt too wide) in paragraph at lines 32--33
 [] 
 []

[1{/var/lib/texmf/fonts/map/pdftex/updmap/pdftex.map}


Non-PDF special ignored!
<special> header=tree-dvips91.pro


 <./img/sys.png>]
LaTeX Font Info:    External font `cmex10' loaded for size
(Font)              <12> on input line 45.
LaTeX Font Info:    External font `cmex10' loaded for size
(Font)              <8> on input line 45.
LaTeX Font Info:    External font `cmex10' loaded for size
(Font)              <6> on input line 45.

Underfull \hbox (badness 1983) in paragraph at lines 44--46
\OT1/cmr/m/n/12 The In-ter-ac-tome Dataset is a re-la-tional
 []

[2

]
<./img/disease-scatterplot-mds.png, id=20, 551.05875pt x 378.41376pt>
File: ./img/disease-scatterplot-mds.png Graphic file (type png)
<use ./img/disease-scatterplot-mds.png>
Package pdftex.def Info: ./img/disease-scatterplot-mds.png  used on input line 
55.
(pdftex.def)             Requested size: 218.02429pt x 149.7172pt.

Underfull \hbox (badness 1953) in paragraph at lines 59--61
[]\OT1/cmr/m/n/12 <<<<<<< HEAD This view is co-or-di-nated
 []


Underfull \hbox (badness 2285) in paragraph at lines 59--61
\OT1/cmr/m/n/12 in-ter-ac-tome node-link di-a-gram by ei-ther
 []


Underfull \hbox (badness 10000) in paragraph at lines 59--61

 []


Underfull \vbox (badness 1142) has occurred while \output is active []

 [3 <./img/disease-scatterplot-mds.png>]
<./img/network.png, id=29, 155.3805pt x 138.0357pt>
File: ./img/network.png Graphic file (type png)
<use ./img/network.png>
Package pdftex.def Info: ./img/network.png  used on input line 68.
(pdftex.def)             Requested size: 218.02429pt x 193.69096pt.
 [4]
Underfull \vbox (badness 7151) has occurred while \output is active []

<./img/net2.png, id=33, 813.0375pt x 672.5125pt>
File: ./img/net2.png Graphic file (type png)
<use ./img/net2.png>
Package pdftex.def Info: ./img/net2.png  used on input line 77.
(pdftex.def)             Requested size: 218.02429pt x 180.33913pt.

Underfull \hbox (badness 1210) in paragraph at lines 84--85
\OT1/cmr/m/n/12 putes and shows Cen-tral-ity statis-tics for
 []

[5 <./img/network.png> <./img/net2.png>]
<./img/top5.png, id=39, 399.4925pt x 311.1625pt>
File: ./img/top5.png Graphic file (type png)
<use ./img/top5.png>
Package pdftex.def Info: ./img/top5.png  used on input line 87.
(pdftex.def)             Requested size: 218.02429pt x 169.81998pt.

Underfull \vbox (badness 10000) has occurred while \output is active []

 [6 <./img/top5.png>] [7

] (./report.bbl
Underfull \hbox (badness 10000) in paragraph at lines 4--11
[] []\OT1/cmr/m/n/12 Marco An-gelini., Graziano Blasilli.,
 []


Underfull \hbox (badness 2662) in paragraph at lines 4--11
\OT1/cmr/m/n/12 Lorenzo Fa-rina., Si-mone Lenti., and
 []


Underfull \hbox (badness 7081) in paragraph at lines 4--11
\OT1/cmr/m/n/12 medicine anal-y-sis): To-wards vi-sual
 []


Underfull \hbox (badness 1092) in paragraph at lines 4--11
\OT1/cmr/m/it/12 and Ap-pli-ca-tions - Vol-ume 3 IVAPP:
 []


Underfull \hbox (badness 10000) in paragraph at lines 4--11
\OT1/cmr/m/it/12 IVAPP,\OT1/cmr/m/n/12 , pages 322--329. IN-STICC,
 []


Underfull \hbox (badness 10000) in paragraph at lines 17--20
[] []\OT1/cmr/m/n/12 Johns Hop-kins Uni-ver-sity School
 []


Underfull \hbox (badness 10000) in paragraph at lines 17--20
\OT1/cmr/m/n/12 of Medicine McKusick-Nathans In-
 []


Underfull \hbox (badness 1314) in paragraph at lines 17--20
\OT1/cmr/m/n/12 sti-tute of Ge-netic Medicine.  Omim,
 []

)
Underfull \hbox (badness 2781) in paragraph at lines 106--108
[]\OT1/cmr/m/n/12 ======= This view is co-or-di-nated
 []


Underfull \hbox (badness 1168) in paragraph at lines 106--108
\OT1/cmr/m/n/12 with the Dis-eases In-ter-ac-tome View and
 []


Underfull \hbox (badness 1178) in paragraph at lines 106--108
\OT1/cmr/m/n/12 the side-bar dis-ease se-lec-tor in the sense
 []


Underfull \hbox (badness 10000) in paragraph at lines 106--108

 []


Underfull \hbox (badness 2875) in paragraph at lines 110--114
\OT1/cmr/m/n/12 re-la-tion-ship of de-gree greater than two
 []


Underfull \hbox (badness 1168) in paragraph at lines 110--114
\OT1/cmr/m/n/12 of that dis-ease but not di-rectly af-fected
 []


Underfull \hbox (badness 1320) in paragraph at lines 110--114
\OT1/cmr/m/n/12 en-cod-ing al-lows to quickly rec-og-nize the
 []


Underfull \hbox (badness 1127) in paragraph at lines 110--114
\OT1/cmr/m/n/12 na-ture of re-la-tion-ship among genes of a
 []


Underfull \hbox (badness 2970) in paragraph at lines 110--114
\OT1/cmr/m/n/12 Whenever the In-ter-ac-tome View is not
 []


Underfull \hbox (badness 1694) in paragraph at lines 110--114
\OT1/cmr/m/n/12 the ap-pro-pri-ate picker. If the se-lected
 []


Underfull \hbox (badness 10000) in paragraph at lines 110--114

 []

[8

]
File: ./img/network.png Graphic file (type png)
<use ./img/network.png>
Package pdftex.def Info: ./img/network.png  used on input line 117.
(pdftex.def)             Requested size: 218.02429pt x 193.69096pt.
File: ./img/net2.png Graphic file (type png)
<use ./img/net2.png>
Package pdftex.def Info: ./img/net2.png  used on input line 127.
(pdftex.def)             Requested size: 218.02429pt x 180.33913pt.

Underfull \hbox (badness 1406) in paragraph at lines 134--135
\OT1/cmr/m/n/12 dis-played in-ter-ac-tome. In graph the-ory
 []


Underfull \vbox (badness 10000) has occurred while \output is active []

 [9]
Underfull \vbox (badness 4096) has occurred while \output is active []

File: ./img/top5.png Graphic file (type png)
<use ./img/top5.png>
Package pdftex.def Info: ./img/top5.png  used on input line 137.
(pdftex.def)             Requested size: 218.02429pt x 169.81998pt.
 [10]
(./report.bbl
Underfull \hbox (badness 10000) in paragraph at lines 4--11
[] []\OT1/cmr/m/n/12 Marco An-gelini., Graziano Blasilli.,
 []


Underfull \hbox (badness 2662) in paragraph at lines 4--11
\OT1/cmr/m/n/12 Lorenzo Fa-rina., Si-mone Lenti., and
 []


Underfull \hbox (badness 7081) in paragraph at lines 4--11
\OT1/cmr/m/n/12 medicine anal-y-sis): To-wards vi-sual
 []


Underfull \hbox (badness 1092) in paragraph at lines 4--11
\OT1/cmr/m/it/12 and Ap-pli-ca-tions - Vol-ume 3 IVAPP:
 []


Underfull \hbox (badness 10000) in paragraph at lines 4--11
\OT1/cmr/m/it/12 IVAPP,\OT1/cmr/m/n/12 , pages 322--329. IN-STICC,
 []


Underfull \hbox (badness 10000) in paragraph at lines 17--20
[] []\OT1/cmr/m/n/12 Johns Hop-kins Uni-ver-sity School
 []


Underfull \hbox (badness 10000) in paragraph at lines 17--20
\OT1/cmr/m/n/12 of Medicine McKusick-Nathans In-
 []


Underfull \hbox (badness 1314) in paragraph at lines 17--20
\OT1/cmr/m/n/12 sti-tute of Ge-netic Medicine.  Omim,
 []

) [11


] (./report.aux)

LaTeX Warning: There were multiply-defined labels.

 ) 
Here is how much of TeX's memory you used:
 2496 strings out of 481239
 40186 string characters out of 5920377
 281998 words of memory out of 5000000
 17772 multiletter control sequences out of 15000+600000
 538500 words of font info for 44 fonts, out of 8000000 for 9000
 1141 hyphenation exceptions out of 8191
 41i,7n,42p,1648b,248s stack positions out of 5000i,500n,10000p,200000b,80000s
</usr/share/texlive/texmf-dist/fonts/type1/public/amsfonts/cm/cmbx10.pfb></us
r/share/texlive/texmf-dist/fonts/type1/public/amsfonts/cm/cmbx12.pfb></usr/shar
e/texlive/texmf-dist/fonts/type1/public/amsfonts/cm/cmmi12.pfb></usr/share/texl
ive/texmf-dist/fonts/type1/public/amsfonts/cm/cmmi6.pfb></usr/share/texlive/tex
mf-dist/fonts/type1/public/amsfonts/cm/cmmi8.pfb></usr/share/texlive/texmf-dist
/fonts/type1/public/amsfonts/cm/cmr10.pfb></usr/share/texlive/texmf-dist/fonts/
type1/public/amsfonts/cm/cmr12.pfb></usr/share/texlive/texmf-dist/fonts/type1/p
ublic/amsfonts/cm/cmr17.pfb></usr/share/texlive/texmf-dist/fonts/type1/public/a
msfonts/cm/cmr8.pfb></usr/share/texlive/texmf-dist/fonts/type1/public/amsfonts/
cm/cmsy10.pfb></usr/share/texlive/texmf-dist/fonts/type1/public/amsfonts/cm/cms
y8.pfb></usr/share/texlive/texmf-dist/fonts/type1/public/amsfonts/cm/cmti10.pfb
></usr/share/texlive/texmf-dist/fonts/type1/public/amsfonts/cm/cmti12.pfb>
Output written on report.pdf (11 pages, 410093 bytes).
PDF statistics:
 103 PDF objects out of 1000 (max. 8388607)
 66 compressed objects within 1 object stream
 0 named destinations out of 1000 (max. 500000)
 26 words of extra memory for PDF output out of 10000 (max. 10000000)

